/*C1*/SET SCHEMA PUBLIC
CONNECT USER SA
DISCONNECT
/*C2*/SET SCHEMA PUBLIC
CONNECT USER SA
DISCONNECT
/*C3*/SET SCHEMA PUBLIC
CONNECT USER SA
INSERT INTO AVAILABLEQTY VALUES('2026/05/25',5)
DISCONNECT
/*C4*/SET SCHEMA PUBLIC
CONNECT USER SA
SET AUTOCOMMIT FALSE
DELETE FROM AVAILABLEQTY WHERE DATE='2026/05/25'
INSERT INTO AVAILABLEQTY VALUES('2026/05/25',4)
SET AUTOCOMMIT TRUE
DISCONNECT
/*C5*/SET SCHEMA PUBLIC
CONNECT USER SA
INSERT INTO RESERVATION VALUES('1753273382610','2026/05/25','create')
DISCONNECT
/*C6*/SET SCHEMA PUBLIC
CONNECT USER SA
DISCONNECT
/*C7*/SET SCHEMA PUBLIC
CONNECT USER SA
SET AUTOCOMMIT FALSE
DELETE FROM RESERVATION WHERE RESERVATIONNUMBER='1753273382610'
INSERT INTO RESERVATION VALUES('1753273382610','2026/05/25','consume')
SET AUTOCOMMIT TRUE
DISCONNECT
/*C8*/SET SCHEMA PUBLIC
CONNECT USER SA
DISCONNECT
/*C9*/SET SCHEMA PUBLIC
CONNECT USER SA
SET AUTOCOMMIT FALSE
DELETE FROM ROOM WHERE ROOMNUMBER='1001'
INSERT INTO ROOM VALUES('1001','2026/05/25')
SET AUTOCOMMIT TRUE
DISCONNECT
/*C10*/SET SCHEMA PUBLIC
CONNECT USER SA
INSERT INTO PAYMENT VALUES('1001','2026/05/25',8000,'create')
DISCONNECT
